Unity Editor version:    2022.3.26f1 (ec6cd8118806)
Branch:                  2022.3/staging
Build type:              Release
Batch mode:              YES
macOS version:           Version 12.7.1 (Build 21G920)
Darwin version:          21.6.0
Architecture:            x86_64
Running under Rosetta:   NO
Available memory:        8192 MB
Using pre-set license
Pro License: YES

COMMAND LINE ARGUMENTS:
/Applications/Unity/Hub/Editor/2022.3.26f1/Unity/Unity.app/Contents/MacOS/Unity
-adb2
-batchMode
-noUpm
-name
AssetImportWorker0
-projectPath
/Users/julianrojasgallego/Documents/COMPUTACION_GRAFICA/PROYECTO/eco_race/eco_race/New Unity Project
-logFile
Logs/AssetImportWorker0.log
-srvPort
63677
Successfully changed project path to: /Users/julianrojasgallego/Documents/COMPUTACION_GRAFICA/PROYECTO/eco_race/eco_race/New Unity Project
/Users/julianrojasgallego/Documents/COMPUTACION_GRAFICA/PROYECTO/eco_race/eco_race/New Unity Project
[UnityMemory] Configuration Parameters - Can be set up in boot.config
    "memorysetup-bucket-allocator-granularity=16"
    "memorysetup-bucket-allocator-bucket-count=8"
    "memorysetup-bucket-allocator-block-size=33554432"
    "memorysetup-bucket-allocator-block-count=8"
    "memorysetup-main-allocator-block-size=16777216"
    "memorysetup-thread-allocator-block-size=16777216"
    "memorysetup-gfx-main-allocator-block-size=16777216"
    "memorysetup-gfx-thread-allocator-block-size=16777216"
    "memorysetup-cache-allocator-block-size=4194304"
    "memorysetup-typetree-allocator-block-size=2097152"
    "memorysetup-profiler-bucket-allocator-granularity=16"
    "memorysetup-profiler-bucket-allocator-bucket-count=8"
    "memorysetup-profiler-bucket-allocator-block-size=33554432"
    "memorysetup-profiler-bucket-allocator-block-count=8"
    "memorysetup-profiler-allocator-block-size=16777216"
    "memorysetup-profiler-editor-allocator-block-size=1048576"
    "memorysetup-temp-allocator-size-main=16777216"
    "memorysetup-job-temp-allocator-block-size=2097152"
    "memorysetup-job-temp-allocator-block-size-background=1048576"
    "memorysetup-job-temp-allocator-reduction-small-platforms=262144"
    "memorysetup-allocator-temp-initial-block-size-main=262144"
    "memorysetup-allocator-temp-initial-block-size-worker=262144"
    "memorysetup-temp-allocator-size-background-worker=32768"
    "memorysetup-temp-allocator-size-job-worker=262144"
    "memorysetup-temp-allocator-size-preload-manager=33554432"
    "memorysetup-temp-allocator-size-nav-mesh-worker=65536"
    "memorysetup-temp-allocator-size-audio-worker=65536"
    "memorysetup-temp-allocator-size-cloud-worker=32768"
    "memorysetup-temp-allocator-size-gi-baking-worker=262144"
    "memorysetup-temp-allocator-size-gfx=262144"
Player connection [4682106368] Host "[IP] 10.161.50.174 [Port] 0 [Flags] 2 [Guid] 3110814590 [EditorId] 3110814590 [Version] 1048832 [Id] OSXEditor(0,MacBook-Air-de-Elvergon.local) [Debug] 1 [PackageName] OSXEditor [ProjectName] Editor" joined multi-casting on [225.0.0.222:54997]...

Player connection [4682106368] Host "[IP] 10.161.50.174 [Port] 0 [Flags] 2 [Guid] 3110814590 [EditorId] 3110814590 [Version] 1048832 [Id] OSXEditor(0,MacBook-Air-de-Elvergon.local) [Debug] 1 [PackageName] OSXEditor [ProjectName] Editor" joined alternative multi-casting on [225.0.0.222:34997]...

[Physics::Module] Initialized MultithreadedJobDispatcher with 3 workers.
Refreshing native plugins compatible for Editor in 31.16 ms, found 1 plugins.
Preloading 0 native plugins for Editor in 0.00 ms.
Initialize engine version: 2022.3.26f1 (ec6cd8118806)
[Subsystems] Discovering subsystems at path /Applications/Unity/Hub/Editor/2022.3.26f1/Unity/Unity.app/Contents/Resources/UnitySubsystems
[Subsystems] Discovering subsystems at path /Users/julianrojasgallego/Documents/COMPUTACION_GRAFICA/PROYECTO/eco_race/eco_race/New Unity Project/Assets
GfxDevice: creating device client; threaded=0; jobified=0
Color LCD preferred device: Intel(R) Iris(TM) Graphics 6000 (low power)
Metal devices available: 1
0: Intel(R) Iris(TM) Graphics 6000 (low power)
Using device Intel(R) Iris(TM) Graphics 6000 (low power)
Initializing Metal device caps: Intel(R) Iris(TM) Graphics 6000
Initialize mono
Mono path[0] = '/Applications/Unity/Hub/Editor/2022.3.26f1/Unity/Unity.app/Contents/Managed'
Mono path[1] = '/Applications/Unity/Hub/Editor/2022.3.26f1/Unity/Unity.app/Contents/MonoBleedingEdge/lib/mono/unityjit-macos'
Mono config path = '/Applications/Unity/Hub/Editor/2022.3.26f1/Unity/Unity.app/Contents/MonoBleedingEdge/etc'
Using monoOptions --debugger-agent=transport=dt_socket,embedding=1,server=y,suspend=n,address=127.0.0.1:56221
Begin MonoManager ReloadAssembly
Registering precompiled unity dll's ...
Register platform support module: /Applications/Unity/Hub/Editor/2022.3.26f1/Unity/Unity.app/Contents/PlaybackEngines/MacStandaloneSupport/UnityEditor.OSXStandalone.Extensions.dll
Registered in 0.009342 seconds.
- Loaded All Assemblies, in  1.848 seconds
Native extension for OSXStandalone target not found
Mono: successfully reloaded assembly
- Finished resetting the current domain, in  1.310 seconds
Domain Reload Profiling: 3159ms
	BeginReloadAssembly (587ms)
		ExecutionOrderSort (0ms)
		DisableScriptedObjects (0ms)
		BackupInstance (0ms)
		ReleaseScriptingObjects (0ms)
		CreateAndSetChildDomain (3ms)
	RebuildCommonClasses (157ms)
	RebuildNativeTypeToScriptingClass (110ms)
	initialDomainReloadingComplete (255ms)
	LoadAllAssembliesAndSetupDomain (741ms)
		LoadAssemblies (589ms)
		RebuildTransferFunctionScriptingTraits (0ms)
		AnalyzeDomain (726ms)
			TypeCache.Refresh (720ms)
				TypeCache.ScanAssembly (679ms)
			ScanForSourceGeneratedMonoScriptInfo (1ms)
			ResolveRequiredComponents (2ms)
	FinalizeReload (1311ms)
		ReleaseScriptCaches (0ms)
		RebuildScriptCaches (0ms)
		SetupLoadedEditorAssemblies (938ms)
			LogAssemblyErrors (0ms)
			InitializePlatformSupportModulesInManaged (30ms)
			SetLoadedEditorAssemblies (24ms)
			RefreshPlugins (0ms)
			BeforeProcessingInitializeOnLoad (8ms)
			ProcessInitializeOnLoadAttributes (676ms)
			ProcessInitializeOnLoadMethodAttributes (199ms)
			AfterProcessingInitializeOnLoad (0ms)
			EditorAssembliesLoaded (0ms)
		ExecutionOrderSort2 (0ms)
		AwakeInstancesAfterBackupRestoration (0ms)
========================================================================
Worker process is ready to serve import requests
Begin MonoManager ReloadAssembly
- Loaded All Assemblies, in  2.754 seconds
Refreshing native plugins compatible for Editor in 2.77 ms, found 1 plugins.
Native extension for OSXStandalone target not found
Package Manager log level set to [2]
[Package Manager] Server::EnsureServerProcessIsRunning -- launch failed, reason: Unity was launched with the -noUpm command-line argument
[Package Manager] UpmClient::Send -- Unable to send message (not connected to UPM process).
[Package Manager] Cannot connect to Unity Package Manager local server
Mono: successfully reloaded assembly
- Finished resetting the current domain, in  2.852 seconds
Domain Reload Profiling: 5602ms
	BeginReloadAssembly (1098ms)
		ExecutionOrderSort (0ms)
		DisableScriptedObjects (30ms)
		BackupInstance (0ms)
		ReleaseScriptingObjects (0ms)
		CreateAndSetChildDomain (92ms)
	RebuildCommonClasses (228ms)
	RebuildNativeTypeToScriptingClass (52ms)
	initialDomainReloadingComplete (205ms)
	LoadAllAssembliesAndSetupDomain (1165ms)
		LoadAssemblies (1443ms)
		RebuildTransferFunctionScriptingTraits (0ms)
		AnalyzeDomain (493ms)
			TypeCache.Refresh (461ms)
				TypeCache.ScanAssembly (424ms)
			ScanForSourceGeneratedMonoScriptInfo (19ms)
			ResolveRequiredComponents (9ms)
	FinalizeReload (2853ms)
		ReleaseScriptCaches (0ms)
		RebuildScriptCaches (0ms)
		SetupLoadedEditorAssemblies (2088ms)
			LogAssemblyErrors (0ms)
			InitializePlatformSupportModulesInManaged (13ms)
			SetLoadedEditorAssemblies (6ms)
			RefreshPlugins (0ms)
			BeforeProcessingInitializeOnLoad (258ms)
			ProcessInitializeOnLoadAttributes (1751ms)
			ProcessInitializeOnLoadMethodAttributes (58ms)
			AfterProcessingInitializeOnLoad (2ms)
			EditorAssembliesLoaded (0ms)
		ExecutionOrderSort2 (0ms)
		AwakeInstancesAfterBackupRestoration (12ms)
Launching external process: /Applications/Unity/Hub/Editor/2022.3.26f1/Unity/Unity.app/Contents/Tools/UnityShaderCompiler
Launched and connected shader compiler UnityShaderCompiler after 0.31 seconds
Refreshing native plugins compatible for Editor in 9.00 ms, found 1 plugins.
Preloading 0 native plugins for Editor in 0.00 ms.
Unloading 1700 Unused Serialized files (Serialized files now loaded: 0)
Unloading 56 unused Assets / (1.4 MB). Loaded Objects now: 2180.
Memory consumption went from 210.6 MB to 209.2 MB.
Total: 17.330109 ms (FindLiveObjects: 0.246828 ms CreateObjectMapping: 0.243319 ms MarkObjects: 15.632183 ms  DeleteObjects: 1.206075 ms)

AssetImportParameters requested are different than current active one (requested -> active):
  custom:video-decoder-webm-vp8: 9c59270c3fd7afecdb556c50c9e8de78 -> 
  custom:SearchIndexIgnoredProperties: e643bd26f0fe6173181afceb89e7c659 -> 
  custom:container-demuxer-ogg: 62fdf1f143b41e24485cea50d1cbac27 -> 
  custom:AudioImporter_EditorPlatform: 3918e3fc78b5a79bad01e8451be0beb8 -> 
  custom:video-decoder-ogg-theora: a1e56fd34408186e4bbccfd4996cb3dc -> 
  custom:framework-osx-AVFoundation: e770b220cccbd017edd2c1fefb359320 -> 
  custom:video-encoder-webm-vp8: eb34c28f22e8b96e1ab97ce403110664 -> 
  custom:audio-decoder-ogg-vorbis: bf7c407c2cedff20999df2af8eb42d56 -> 
  custom:CustomObjectIndexerAttribute: 9a22284fe3817be447336de3de66b15e -> 
  custom:container-demuxer-webm: 4f35f7cbe854078d1ac9338744f61a02 -> 
  custom:audio-encoder-webm-vorbis: bf7c407c2cedff20999df2af8eb42d56 -> 
  custom:container-muxer-webm: aa71ff27fc2769a1b78a27578f13a17b -> 
========================================================================
Received Import Request.
  Time since last request: 59623.813913 seconds.
  path: Assets/MST_Creator/Car Controller For Unity/Prefabs/Car_Canavs.prefab
  artifactKey: Guid(cb02b5821edba5844ba688e0355d0faf) Importer(2089858483,0ecaa5967403d082aa24f35e1b516d23)
Start importing Assets/MST_Creator/Car Controller For Unity/Prefabs/Car_Canavs.prefab using Guid(cb02b5821edba5844ba688e0355d0faf) Importer(2089858483,0ecaa5967403d082aa24f35e1b516d23)  -> (artifact id: '47c6f4b600688e5921ea957f928bfc72') in 0.676117 seconds
Number of updated asset objects reloaded before import = 0
Number of asset objects unloaded after import = 45
========================================================================
Received Import Request.
  Time since last request: 0.000282 seconds.
  path: Assets/MST_Creator/TextMesh Pro/Shaders/TMP_Bitmap.shader
  artifactKey: Guid(128e987d567d4e2c824d754223b3f3b0) Importer(2089858483,0ecaa5967403d082aa24f35e1b516d23)
Start importing Assets/MST_Creator/TextMesh Pro/Shaders/TMP_Bitmap.shader using Guid(128e987d567d4e2c824d754223b3f3b0) Importer(2089858483,0ecaa5967403d082aa24f35e1b516d23)  -> (artifact id: 'f2a8e7db40aa6a7b96054431ad61d150') in 0.064308 seconds
Number of updated asset objects reloaded before import = 0
Number of asset objects unloaded after import = 1
========================================================================
Received Import Request.
  Time since last request: 0.001297 seconds.
  path: Assets/MST_Creator/Car Controller For Unity/Materials/HeadLights.mat
  artifactKey: Guid(ce6ce484c94f38a46aeaee4006d9fa17) Importer(2089858483,0ecaa5967403d082aa24f35e1b516d23)
Start importing Assets/MST_Creator/Car Controller For Unity/Materials/HeadLights.mat using Guid(ce6ce484c94f38a46aeaee4006d9fa17) Importer(2089858483,0ecaa5967403d082aa24f35e1b516d23)  -> (artifact id: '4a79d821e1106595f19eb1b290efe5e1') in 0.209876 seconds
Number of updated asset objects reloaded before import = 0
Number of asset objects unloaded after import = 1
========================================================================
Received Import Request.
  Time since last request: 0.000478 seconds.
  path: Assets/MST_Creator/TextMesh Pro/Resources/LineBreaking Leading Characters.txt
  artifactKey: Guid(d82c1b31c7e74239bff1220585707d2b) Importer(2089858483,0ecaa5967403d082aa24f35e1b516d23)
Start importing Assets/MST_Creator/TextMesh Pro/Resources/LineBreaking Leading Characters.txt using Guid(d82c1b31c7e74239bff1220585707d2b) Importer(2089858483,0ecaa5967403d082aa24f35e1b516d23)  -> (artifact id: '696a4921593329774bc538a62ba3ffda') in 0.017244 seconds
Number of updated asset objects reloaded before import = 0
Number of asset objects unloaded after import = 1
========================================================================
Received Import Request.
  Time since last request: 0.000130 seconds.
  path: Assets/MST_Creator/TextMesh Pro/Resources/Fonts & Materials/LiberationSans SDF - Drop Shadow.mat
  artifactKey: Guid(e73a58f6e2794ae7b1b7e50b7fb811b0) Importer(2089858483,0ecaa5967403d082aa24f35e1b516d23)
Start importing Assets/MST_Creator/TextMesh Pro/Resources/Fonts & Materials/LiberationSans SDF - Drop Shadow.mat using Guid(e73a58f6e2794ae7b1b7e50b7fb811b0) Importer(2089858483,0ecaa5967403d082aa24f35e1b516d23)  -> (artifact id: 'a1bab829a25b683989918acd689b642c') in 0.049495 seconds
Number of updated asset objects reloaded before import = 0
Number of asset objects unloaded after import = 2
========================================================================
Received Import Request.
  Time since last request: 0.009092 seconds.
  path: Assets/MST_Creator/Car Controller For Unity/Scripts/Radio.cs
  artifactKey: Guid(5bc349c5194b73a4baffd6017536dffa) Importer(2089858483,0ecaa5967403d082aa24f35e1b516d23)
Start importing Assets/MST_Creator/Car Controller For Unity/Scripts/Radio.cs using Guid(5bc349c5194b73a4baffd6017536dffa) Importer(2089858483,0ecaa5967403d082aa24f35e1b516d23)  -> (artifact id: '8172abf65f371afcaab033af6139d1ab') in 0.009283 seconds
Number of updated asset objects reloaded before import = 0
Number of asset objects unloaded after import = 1
========================================================================
Received Import Request.
  Time since last request: 0.002602 seconds.
  path: Assets/MST_Creator/Car Controller For Unity/Texturess/Render_Textures/Track_1.renderTexture
  artifactKey: Guid(d19c153cbc9e63d4f82f9319f953927f) Importer(2089858483,0ecaa5967403d082aa24f35e1b516d23)
Start importing Assets/MST_Creator/Car Controller For Unity/Texturess/Render_Textures/Track_1.renderTexture using Guid(d19c153cbc9e63d4f82f9319f953927f) Importer(2089858483,0ecaa5967403d082aa24f35e1b516d23)  -> (artifact id: 'd94b2938200be9c19830539d626fcc25') in 0.037587 seconds
Number of updated asset objects reloaded before import = 0
Number of asset objects unloaded after import = 1
========================================================================
Received Import Request.
  Time since last request: 0.005661 seconds.
  path: Assets/MST_Creator/TextMesh Pro/Shaders/TMPro_Mobile.cginc
  artifactKey: Guid(c334973cef89a9840b0b0c507e0377ab) Importer(2089858483,0ecaa5967403d082aa24f35e1b516d23)
Start importing Assets/MST_Creator/TextMesh Pro/Shaders/TMPro_Mobile.cginc using Guid(c334973cef89a9840b0b0c507e0377ab) Importer(2089858483,0ecaa5967403d082aa24f35e1b516d23)  -> (artifact id: 'ac0375f869fcd5586ff81efae3aed09e') in 0.019091 seconds
Number of updated asset objects reloaded before import = 0
Number of asset objects unloaded after import = 1
========================================================================
Received Import Request.
  Time since last request: 0.001928 seconds.
  path: Assets/MST_Creator/TextMesh Pro/Shaders/TMP_SDF Overlay.shader
  artifactKey: Guid(dd89cf5b9246416f84610a006f916af7) Importer(2089858483,0ecaa5967403d082aa24f35e1b516d23)
Start importing Assets/MST_Creator/TextMesh Pro/Shaders/TMP_SDF Overlay.shader using Guid(dd89cf5b9246416f84610a006f916af7) Importer(2089858483,0ecaa5967403d082aa24f35e1b516d23)  -> (artifact id: 'a338ebcbc510b14f01e7757f72200724') in 0.033389 seconds
Number of updated asset objects reloaded before import = 0
Number of asset objects unloaded after import = 1
========================================================================
Received Import Request.
  Time since last request: 0.001048 seconds.
  path: Assets/MST_Creator/Car Controller For Unity/Models/Track (asset 2).fbx
  artifactKey: Guid(d900a2433953da74b930c6e54269963b) Importer(2089858483,0ecaa5967403d082aa24f35e1b516d23)
Start importing Assets/MST_Creator/Car Controller For Unity/Models/Track (asset 2).fbx using Guid(d900a2433953da74b930c6e54269963b) Importer(2089858483,0ecaa5967403d082aa24f35e1b516d23)  -> (artifact id: 'a22d70a12efd9d1da4d5a0411325c8f6') in 0.254193 seconds
Number of updated asset objects reloaded before import = 0
Number of asset objects unloaded after import = 22
========================================================================
Received Import Request.
  Time since last request: 0.004512 seconds.
  path: Assets/MST_Creator/TextMesh Pro/Sprites/EmojiOne.json
  artifactKey: Guid(8f05276190cf498a8153f6cbe761d4e6) Importer(2089858483,0ecaa5967403d082aa24f35e1b516d23)
Start importing Assets/MST_Creator/TextMesh Pro/Sprites/EmojiOne.json using Guid(8f05276190cf498a8153f6cbe761d4e6) Importer(2089858483,0ecaa5967403d082aa24f35e1b516d23)  -> (artifact id: '539a9e97283b46227655773abdaf1bde') in 0.017891 seconds
Number of updated asset objects reloaded before import = 0
Number of asset objects unloaded after import = 1
========================================================================
Received Import Request.
  Time since last request: 0.011640 seconds.
  path: Assets/MST_Creator/TextMesh Pro/Shaders/TMP_SDF-Mobile.shader
  artifactKey: Guid(fe393ace9b354375a9cb14cdbbc28be4) Importer(2089858483,0ecaa5967403d082aa24f35e1b516d23)
Start importing Assets/MST_Creator/TextMesh Pro/Shaders/TMP_SDF-Mobile.shader using Guid(fe393ace9b354375a9cb14cdbbc28be4) Importer(2089858483,0ecaa5967403d082aa24f35e1b516d23)  -> (artifact id: '700c8258f991b877ed798283596024d4') in 0.030801 seconds
Number of updated asset objects reloaded before import = 0
Number of asset objects unloaded after import = 1
========================================================================
Received Import Request.
  Time since last request: 0.005475 seconds.
  path: Assets/MST_Creator/Car Controller For Unity/Texturess/Render_Textures/Track_2.renderTexture
  artifactKey: Guid(7654350bc90dca24ab2a71953c56a702) Importer(2089858483,0ecaa5967403d082aa24f35e1b516d23)
Start importing Assets/MST_Creator/Car Controller For Unity/Texturess/Render_Textures/Track_2.renderTexture using Guid(7654350bc90dca24ab2a71953c56a702) Importer(2089858483,0ecaa5967403d082aa24f35e1b516d23)  -> (artifact id: '32d3cdd81c1023b3885d8ca7accc9dd9') in 0.018921 seconds
Number of updated asset objects reloaded before import = 0
Number of asset objects unloaded after import = 1
========================================================================
Received Import Request.
  Time since last request: 0.010546 seconds.
  path: Assets/MST_Creator/TextMesh Pro/Shaders/TMPro.cginc
  artifactKey: Guid(407bc68d299748449bbf7f48ee690f8d) Importer(2089858483,0ecaa5967403d082aa24f35e1b516d23)
Start importing Assets/MST_Creator/TextMesh Pro/Shaders/TMPro.cginc using Guid(407bc68d299748449bbf7f48ee690f8d) Importer(2089858483,0ecaa5967403d082aa24f35e1b516d23)  -> (artifact id: 'bebb7880a6dab3d0d553c985835ad220') in 0.017043 seconds
Number of updated asset objects reloaded before import = 0
Number of asset objects unloaded after import = 1
========================================================================
Received Import Request.
  Time since last request: 0.005224 seconds.
  path: Assets/MST_Creator/Car Controller For Unity/Texturess/Textures/Normal Maps/Snow_NormalMap.png
  artifactKey: Guid(c4578fe01a2a215419d029de571aa4db) Importer(2089858483,0ecaa5967403d082aa24f35e1b516d23)
Start importing Assets/MST_Creator/Car Controller For Unity/Texturess/Textures/Normal Maps/Snow_NormalMap.png using Guid(c4578fe01a2a215419d029de571aa4db) Importer(2089858483,0ecaa5967403d082aa24f35e1b516d23)  -> (artifact id: '5dd4b58dd7a6a0cfd0b5553c9d3d0827') in 0.264650 seconds
Number of updated asset objects reloaded before import = 0
Number of asset objects unloaded after import = 1
========================================================================
Received Import Request.
  Time since last request: 0.000180 seconds.
  path: Assets/MST_Creator/Car Controller For Unity/Materials/Reverse_Light.mat
  artifactKey: Guid(58893d37e69048d48b979f1058d1724c) Importer(2089858483,0ecaa5967403d082aa24f35e1b516d23)
Start importing Assets/MST_Creator/Car Controller For Unity/Materials/Reverse_Light.mat using Guid(58893d37e69048d48b979f1058d1724c) Importer(2089858483,0ecaa5967403d082aa24f35e1b516d23)  -> (artifact id: '8cfca3bb7ca8f68994a156ae77f019df') in 0.031734 seconds
Number of updated asset objects reloaded before import = 0
Number of asset objects unloaded after import = 1
========================================================================
Received Import Request.
  Time since last request: 0.000137 seconds.
  path: Assets/MST_Creator/Car Controller For Unity/Prefabs/Track_1.prefab
  artifactKey: Guid(efd488b1f6b854d40ae16195913715d6) Importer(2089858483,0ecaa5967403d082aa24f35e1b516d23)
Start importing Assets/MST_Creator/Car Controller For Unity/Prefabs/Track_1.prefab using Guid(efd488b1f6b854d40ae16195913715d6) Importer(2089858483,0ecaa5967403d082aa24f35e1b516d23)  -> (artifact id: 'ed904c17de285c0465bdd09bd509ab74') in 0.049232 seconds
Number of updated asset objects reloaded before import = 0
Number of asset objects unloaded after import = 28
========================================================================
Received Import Request.
  Time since last request: 0.000123 seconds.
  path: Assets/MST_Creator/TextMesh Pro/Resources/TMP Settings.asset
  artifactKey: Guid(3f5b5dff67a942289a9defa416b206f3) Importer(2089858483,0ecaa5967403d082aa24f35e1b516d23)
Start importing Assets/MST_Creator/TextMesh Pro/Resources/TMP Settings.asset using Guid(3f5b5dff67a942289a9defa416b206f3) Importer(2089858483,0ecaa5967403d082aa24f35e1b516d23)  -> (artifact id: '5a26cebd755990d8d2fbe27b95e095b8') in 0.119563 seconds
Number of updated asset objects reloaded before import = 0
Number of asset objects unloaded after import = 15
========================================================================
Received Import Request.
  Time since last request: 0.000384 seconds.
  path: Assets/MST_Creator/Car Controller For Unity/Scripts/Camera_Controller.cs
  artifactKey: Guid(ce34887e20fe4be4fa5641a712a62ede) Importer(2089858483,0ecaa5967403d082aa24f35e1b516d23)
Start importing Assets/MST_Creator/Car Controller For Unity/Scripts/Camera_Controller.cs using Guid(ce34887e20fe4be4fa5641a712a62ede) Importer(2089858483,0ecaa5967403d082aa24f35e1b516d23)  -> (artifact id: '2feb23616427f56eba01057640f47d90') in 0.016316 seconds
Number of updated asset objects reloaded before import = 0
Number of asset objects unloaded after import = 1
========================================================================
Received Import Request.
  Time since last request: 0.000166 seconds.
  path: Assets/MST_Creator/Car Controller For Unity/Scripts/Speedometer_Controller.cs
  artifactKey: Guid(62f33511969e29e4ab0729d9b3233f00) Importer(2089858483,0ecaa5967403d082aa24f35e1b516d23)
Start importing Assets/MST_Creator/Car Controller For Unity/Scripts/Speedometer_Controller.cs using Guid(62f33511969e29e4ab0729d9b3233f00) Importer(2089858483,0ecaa5967403d082aa24f35e1b516d23)  -> (artifact id: '272a8b4f4cc61101a9ff291cf475558a') in 0.074568 seconds
Number of updated asset objects reloaded before import = 0
Number of asset objects unloaded after import = 1
========================================================================
Received Import Request.
  Time since last request: 0.000143 seconds.
  path: Assets/MST_Creator/TextMesh Pro/Shaders/TMP_SDF-Mobile Overlay.shader
  artifactKey: Guid(a02a7d8c237544f1962732b55a9aebf1) Importer(2089858483,0ecaa5967403d082aa24f35e1b516d23)
Start importing Assets/MST_Creator/TextMesh Pro/Shaders/TMP_SDF-Mobile Overlay.shader using Guid(a02a7d8c237544f1962732b55a9aebf1) Importer(2089858483,0ecaa5967403d082aa24f35e1b516d23)  -> (artifact id: '6e39631b0091d6dfb6c652e37bd51af5') in 0.014897 seconds
Number of updated asset objects reloaded before import = 0
Number of asset objects unloaded after import = 1
========================================================================
Received Import Request.
  Time since last request: 0.000091 seconds.
  path: Assets/MST_Creator/TextMesh Pro/Shaders/TMP_SDF-Mobile SSD.shader
  artifactKey: Guid(c8d12adcee749c344b8117cf7c7eb912) Importer(2089858483,0ecaa5967403d082aa24f35e1b516d23)
Start importing Assets/MST_Creator/TextMesh Pro/Shaders/TMP_SDF-Mobile SSD.shader using Guid(c8d12adcee749c344b8117cf7c7eb912) Importer(2089858483,0ecaa5967403d082aa24f35e1b516d23)  -> (artifact id: 'ce51edd1a3d1a6db87bf0c323b358367') in 0.018274 seconds
Number of updated asset objects reloaded before import = 0
Number of asset objects unloaded after import = 1
========================================================================
Received Import Request.
  Time since last request: 0.001229 seconds.
  path: Assets/MST_Creator/TextMesh Pro/Resources/LineBreaking Following Characters.txt
  artifactKey: Guid(fade42e8bc714b018fac513c043d323b) Importer(2089858483,0ecaa5967403d082aa24f35e1b516d23)
Start importing Assets/MST_Creator/TextMesh Pro/Resources/LineBreaking Following Characters.txt using Guid(fade42e8bc714b018fac513c043d323b) Importer(2089858483,0ecaa5967403d082aa24f35e1b516d23)  -> (artifact id: 'edcd34a63836832e356a9c83e4f5e0a3') in 0.016907 seconds
Number of updated asset objects reloaded before import = 0
Number of asset objects unloaded after import = 1
========================================================================
Received Import Request.
  Time since last request: 0.000278 seconds.
  path: Assets/MST_Creator/Car Controller For Unity/Texturess/Textures/Normal Maps/grass_NormalMap.png
  artifactKey: Guid(ea5e4f654a02b374082b9a1c2bbbea55) Importer(2089858483,0ecaa5967403d082aa24f35e1b516d23)
Start importing Assets/MST_Creator/Car Controller For Unity/Texturess/Textures/Normal Maps/grass_NormalMap.png using Guid(ea5e4f654a02b374082b9a1c2bbbea55) Importer(2089858483,0ecaa5967403d082aa24f35e1b516d23)  -> (artifact id: 'ca501e4066c33e8789fac7c7bac6d712') in 0.077668 seconds
Number of updated asset objects reloaded before import = 0
Number of asset objects unloaded after import = 1
========================================================================
Received Import Request.
  Time since last request: 0.000137 seconds.
  path: Assets/MST_Creator/Car Controller For Unity/Texturess/Texture_Materials/Grass.mat
  artifactKey: Guid(36e1003135d4d0045957bd54423f1331) Importer(2089858483,0ecaa5967403d082aa24f35e1b516d23)
Start importing Assets/MST_Creator/Car Controller For Unity/Texturess/Texture_Materials/Grass.mat using Guid(36e1003135d4d0045957bd54423f1331) Importer(2089858483,0ecaa5967403d082aa24f35e1b516d23)  -> (artifact id: 'e6b0d9733fab06c022e6f67f5197148a') in 0.022247 seconds
Number of updated asset objects reloaded before import = 0
Number of asset objects unloaded after import = 2
========================================================================
Received Import Request.
  Time since last request: 0.004337 seconds.
  path: Assets/MST_Creator/Car Controller For Unity/README.txt
  artifactKey: Guid(73409d6dd9a49054aa220ae423cddb4c) Importer(2089858483,0ecaa5967403d082aa24f35e1b516d23)
Start importing Assets/MST_Creator/Car Controller For Unity/README.txt using Guid(73409d6dd9a49054aa220ae423cddb4c) Importer(2089858483,0ecaa5967403d082aa24f35e1b516d23)  -> (artifact id: '8d3239bde408075f279af346c627bd40') in 0.009774 seconds
Number of updated asset objects reloaded before import = 0
Number of asset objects unloaded after import = 1
========================================================================
Received Import Request.
  Time since last request: 0.008709 seconds.
  path: Assets/MST_Creator/TextMesh Pro/Shaders/TMP_SDF SSD.shader
  artifactKey: Guid(14eb328de4b8eb245bb7cea29e4ac00b) Importer(2089858483,0ecaa5967403d082aa24f35e1b516d23)
Start importing Assets/MST_Creator/TextMesh Pro/Shaders/TMP_SDF SSD.shader using Guid(14eb328de4b8eb245bb7cea29e4ac00b) Importer(2089858483,0ecaa5967403d082aa24f35e1b516d23)  -> (artifact id: 'a8de2d3a79d854a2185275ded17f219f') in 0.017260 seconds
Number of updated asset objects reloaded before import = 0
Number of asset objects unloaded after import = 1
========================================================================
Received Import Request.
  Time since last request: 0.003936 seconds.
  path: Assets/MST_Creator/Car Controller For Unity/Texturess/Textures/Texture_Images/Snow_Tex.png
  artifactKey: Guid(6bb1687f66594954fa01fa0c1c5dea71) Importer(2089858483,0ecaa5967403d082aa24f35e1b516d23)
Start importing Assets/MST_Creator/Car Controller For Unity/Texturess/Textures/Texture_Images/Snow_Tex.png using Guid(6bb1687f66594954fa01fa0c1c5dea71) Importer(2089858483,0ecaa5967403d082aa24f35e1b516d23)  -> (artifact id: '9b15651d5cbc8f403c1d832053f01aee') in 0.046554 seconds
Number of updated asset objects reloaded before import = 0
Number of asset objects unloaded after import = 1
========================================================================
Received Import Request.
  Time since last request: 0.002210 seconds.
  path: Assets/MST_Creator/Car Controller For Unity/Materials/Fence.mat
  artifactKey: Guid(93d35f40ee7847449bded4ca740461cb) Importer(2089858483,0ecaa5967403d082aa24f35e1b516d23)
Start importing Assets/MST_Creator/Car Controller For Unity/Materials/Fence.mat using Guid(93d35f40ee7847449bded4ca740461cb) Importer(2089858483,0ecaa5967403d082aa24f35e1b516d23)  -> (artifact id: '3d14b8e0f79e25ba0b5c164603c8f827') in 0.015014 seconds
Number of updated asset objects reloaded before import = 0
Number of asset objects unloaded after import = 1
========================================================================
Received Import Request.
  Time since last request: 0.003643 seconds.
  path: Assets/MST_Creator/Car Controller For Unity/Texturess/Texture_Materials/Rock.mat
  artifactKey: Guid(9b4ae7175b4b65d47992bc86fc0601c6) Importer(2089858483,0ecaa5967403d082aa24f35e1b516d23)
Start importing Assets/MST_Creator/Car Controller For Unity/Texturess/Texture_Materials/Rock.mat using Guid(9b4ae7175b4b65d47992bc86fc0601c6) Importer(2089858483,0ecaa5967403d082aa24f35e1b516d23)  -> (artifact id: 'b3d4548f31e0b3efd79e4d668dd1a8d6') in 0.018760 seconds
Number of updated asset objects reloaded before import = 0
Number of asset objects unloaded after import = 2
========================================================================
Received Import Request.
  Time since last request: 0.000240 seconds.
  path: Assets/MST_Creator/Car Controller For Unity/Scenes/Track_2/Track_2_Terrain.asset
  artifactKey: Guid(e326d08ba7783df40a7fb7324d91f755) Importer(2089858483,0ecaa5967403d082aa24f35e1b516d23)
Start importing Assets/MST_Creator/Car Controller For Unity/Scenes/Track_2/Track_2_Terrain.asset using Guid(e326d08ba7783df40a7fb7324d91f755) Importer(2089858483,0ecaa5967403d082aa24f35e1b516d23)  -> (artifact id: '97be3014b5148a1a9b9f6e47c6d487f3') in 0.089134 seconds
Number of updated asset objects reloaded before import = 0
Number of asset objects unloaded after import = 2
========================================================================
Received Import Request.
  Time since last request: 0.000094 seconds.
  path: Assets/ecorace1.unity
  artifactKey: Guid(a1d739dcb1aa8494ea3f95f8b66ee938) Importer(2089858483,0ecaa5967403d082aa24f35e1b516d23)
Start importing Assets/ecorace1.unity using Guid(a1d739dcb1aa8494ea3f95f8b66ee938) Importer(2089858483,0ecaa5967403d082aa24f35e1b516d23)  -> (artifact id: 'c938ccbcb8f6fa988b6cdbf80aadb2c9') in 0.010665 seconds
Number of updated asset objects reloaded before import = 0
Number of asset objects unloaded after import = 1
========================================================================
Received Import Request.
  Time since last request: 0.003771 seconds.
  path: Assets/MST_Creator/Car Controller For Unity/Models/Low Poly Car 1.fbx
  artifactKey: Guid(aa11055278ae8d84da4d1fbe7f446fdf) Importer(2089858483,0ecaa5967403d082aa24f35e1b516d23)
Start importing Assets/MST_Creator/Car Controller For Unity/Models/Low Poly Car 1.fbx using Guid(aa11055278ae8d84da4d1fbe7f446fdf) Importer(2089858483,0ecaa5967403d082aa24f35e1b516d23)  -> (artifact id: '1191b46eab764bd47405856148daa489') in 0.220334 seconds
Number of updated asset objects reloaded before import = 0
Number of asset objects unloaded after import = 92
========================================================================
Received Import Request.
  Time since last request: 0.000577 seconds.
  path: Assets/MST_Creator/TextMesh Pro/Resources/Fonts & Materials/LiberationSans SDF - Fallback.asset
  artifactKey: Guid(2e498d1c8094910479dc3e1b768306a4) Importer(2089858483,0ecaa5967403d082aa24f35e1b516d23)
Start importing Assets/MST_Creator/TextMesh Pro/Resources/Fonts & Materials/LiberationSans SDF - Fallback.asset using Guid(2e498d1c8094910479dc3e1b768306a4) Importer(2089858483,0ecaa5967403d082aa24f35e1b516d23)  -> (artifact id: 'fa4153e03f4863bc88682764f6253111') in 0.113719 seconds
Number of updated asset objects reloaded before import = 0
Number of asset objects unloaded after import = 5
========================================================================
Received Import Request.
  Time since last request: 0.000328 seconds.
  path: Assets/MST_Creator/TextMesh Pro/Sprites/EmojiOne.png
  artifactKey: Guid(dffef66376be4fa480fb02b19edbe903) Importer(2089858483,0ecaa5967403d082aa24f35e1b516d23)
Start importing Assets/MST_Creator/TextMesh Pro/Sprites/EmojiOne.png using Guid(dffef66376be4fa480fb02b19edbe903) Importer(2089858483,0ecaa5967403d082aa24f35e1b516d23)  -> (artifact id: 'c6bc313a1b6468485a069e15c650d0a5') in 0.071661 seconds
Number of updated asset objects reloaded before import = 0
Number of asset objects unloaded after import = 1
========================================================================
Received Import Request.
  Time since last request: 0.002917 seconds.
  path: Assets/MST_Creator/TextMesh Pro/Resources/Style Sheets/Default Style Sheet.asset
  artifactKey: Guid(f952c082cb03451daed3ee968ac6c63e) Importer(2089858483,0ecaa5967403d082aa24f35e1b516d23)
Start importing Assets/MST_Creator/TextMesh Pro/Resources/Style Sheets/Default Style Sheet.asset using Guid(f952c082cb03451daed3ee968ac6c63e) Importer(2089858483,0ecaa5967403d082aa24f35e1b516d23)  -> (artifact id: '72fcee32957be3de5126065368f4c740') in 0.011192 seconds
Number of updated asset objects reloaded before import = 0
Number of asset objects unloaded after import = 1
========================================================================
Received Import Request.
  Time since last request: 0.008205 seconds.
  path: Assets/MST_Creator/TextMesh Pro/Resources/Fonts & Materials/LiberationSans SDF.asset
  artifactKey: Guid(8f586378b4e144a9851e7b34d9b748ee) Importer(2089858483,0ecaa5967403d082aa24f35e1b516d23)
Start importing Assets/MST_Creator/TextMesh Pro/Resources/Fonts & Materials/LiberationSans SDF.asset using Guid(8f586378b4e144a9851e7b34d9b748ee) Importer(2089858483,0ecaa5967403d082aa24f35e1b516d23)  -> (artifact id: 'b3a98c9318115087534df6edf88b195b') in 0.140533 seconds
Number of updated asset objects reloaded before import = 0
Number of asset objects unloaded after import = 8
========================================================================
Received Import Request.
  Time since last request: 0.000726 seconds.
  path: Assets/MST_Creator/Car Controller For Unity/Texturess/Textures/Layers/Snow_Layer.terrainlayer
  artifactKey: Guid(1c8aca11a43eb14429d9a48126cb9363) Importer(2089858483,0ecaa5967403d082aa24f35e1b516d23)
Start importing Assets/MST_Creator/Car Controller For Unity/Texturess/Textures/Layers/Snow_Layer.terrainlayer using Guid(1c8aca11a43eb14429d9a48126cb9363) Importer(2089858483,0ecaa5967403d082aa24f35e1b516d23)  -> (artifact id: 'b0ca89a761428d43dd16d83bff6d71c0') in 0.026868 seconds
Number of updated asset objects reloaded before import = 0
Number of asset objects unloaded after import = 3
========================================================================
Received Import Request.
  Time since last request: 0.001769 seconds.
  path: Assets/MST_Creator/Car Controller For Unity/Materials/Ground.physicMaterial
  artifactKey: Guid(9a28d2a7fcbdb1644ae9e1ad888077d2) Importer(2089858483,0ecaa5967403d082aa24f35e1b516d23)
Start importing Assets/MST_Creator/Car Controller For Unity/Materials/Ground.physicMaterial using Guid(9a28d2a7fcbdb1644ae9e1ad888077d2) Importer(2089858483,0ecaa5967403d082aa24f35e1b516d23)  -> (artifact id: '6d3b3b41e8d7e71d8847d8842d829ba5') in 0.012383 seconds
Number of updated asset objects reloaded before import = 0
Number of asset objects unloaded after import = 1
========================================================================
Received Import Request.
  Time since last request: 0.000482 seconds.
  path: Assets/MST_Creator/TextMesh Pro/Shaders/TMP_Bitmap-Custom-Atlas.shader
  artifactKey: Guid(48bb5f55d8670e349b6e614913f9d910) Importer(2089858483,0ecaa5967403d082aa24f35e1b516d23)
Start importing Assets/MST_Creator/TextMesh Pro/Shaders/TMP_Bitmap-Custom-Atlas.shader using Guid(48bb5f55d8670e349b6e614913f9d910) Importer(2089858483,0ecaa5967403d082aa24f35e1b516d23)  -> (artifact id: 'e14450f7112928c3cce908aeba8e13a9') in 0.024162 seconds
Number of updated asset objects reloaded before import = 0
Number of asset objects unloaded after import = 1
========================================================================
Received Import Request.
  Time since last request: 0.000442 seconds.
  path: Assets/MST_Creator/Car Controller For Unity/Materials/Car_Body.mat
  artifactKey: Guid(5f7aaca4b95905a45b7491158a24472a) Importer(2089858483,0ecaa5967403d082aa24f35e1b516d23)
Start importing Assets/MST_Creator/Car Controller For Unity/Materials/Car_Body.mat using Guid(5f7aaca4b95905a45b7491158a24472a) Importer(2089858483,0ecaa5967403d082aa24f35e1b516d23)  -> (artifact id: 'f3c6e8534917e904e22c8c22371f29d3') in 0.011728 seconds
Number of updated asset objects reloaded before import = 0
Number of asset objects unloaded after import = 1
========================================================================
Received Import Request.
  Time since last request: 0.000334 seconds.
  path: Assets/MST_Creator/Car Controller For Unity/Scripts/Minimap_Cam.cs
  artifactKey: Guid(6c467025a119de146813ab632a1d4a95) Importer(2089858483,0ecaa5967403d082aa24f35e1b516d23)
Start importing Assets/MST_Creator/Car Controller For Unity/Scripts/Minimap_Cam.cs using Guid(6c467025a119de146813ab632a1d4a95) Importer(2089858483,0ecaa5967403d082aa24f35e1b516d23)  -> (artifact id: '1544798e59f8175461033dec43ea0959') in 0.008839 seconds
Number of updated asset objects reloaded before import = 0
Number of asset objects unloaded after import = 1
========================================================================
Received Import Request.
  Time since last request: 0.000593 seconds.
  path: Assets/MST_Creator/Car Controller For Unity/Texturess/Textures/Texture_Images/Rock_Tex.png
  artifactKey: Guid(2d16abd052aef65419c289c6159d83f0) Importer(2089858483,0ecaa5967403d082aa24f35e1b516d23)
Start importing Assets/MST_Creator/Car Controller For Unity/Texturess/Textures/Texture_Images/Rock_Tex.png using Guid(2d16abd052aef65419c289c6159d83f0) Importer(2089858483,0ecaa5967403d082aa24f35e1b516d23)  -> (artifact id: '31b2eb3777dd286974cc57a62b43d6c1') in 0.031352 seconds
Number of updated asset objects reloaded before import = 0
Number of asset objects unloaded after import = 1
========================================================================
Received Import Request.
  Time since last request: 0.000456 seconds.
  path: Assets/MST_Creator/TextMesh Pro/Shaders/TMP_Bitmap-Mobile.shader
  artifactKey: Guid(1e3b057af24249748ff873be7fafee47) Importer(2089858483,0ecaa5967403d082aa24f35e1b516d23)
Start importing Assets/MST_Creator/TextMesh Pro/Shaders/TMP_Bitmap-Mobile.shader using Guid(1e3b057af24249748ff873be7fafee47) Importer(2089858483,0ecaa5967403d082aa24f35e1b516d23)  -> (artifact id: '6c3320515b8ba7a53df8964c29a41f1a') in 0.009904 seconds
Number of updated asset objects reloaded before import = 0
Number of asset objects unloaded after import = 1
========================================================================
Received Import Request.
  Time since last request: 0.000586 seconds.
  path: Assets/MST_Creator/Car Controller For Unity/Materials/Road.physicMaterial
  artifactKey: Guid(8202f9bbf64f48b4aae60f3851bdd89e) Importer(2089858483,0ecaa5967403d082aa24f35e1b516d23)
Start importing Assets/MST_Creator/Car Controller For Unity/Materials/Road.physicMaterial using Guid(8202f9bbf64f48b4aae60f3851bdd89e) Importer(2089858483,0ecaa5967403d082aa24f35e1b516d23)  -> (artifact id: '7b1fbfa8152ba71fc5da922caca59fc3') in 0.009099 seconds
Number of updated asset objects reloaded before import = 0
Number of asset objects unloaded after import = 1
========================================================================
Received Import Request.
  Time since last request: 0.000467 seconds.
  path: Assets/MST_Creator/TextMesh Pro/Resources/Sprite Assets/EmojiOne.asset
  artifactKey: Guid(c41005c129ba4d66911b75229fd70b45) Importer(2089858483,0ecaa5967403d082aa24f35e1b516d23)
Start importing Assets/MST_Creator/TextMesh Pro/Resources/Sprite Assets/EmojiOne.asset using Guid(c41005c129ba4d66911b75229fd70b45) Importer(2089858483,0ecaa5967403d082aa24f35e1b516d23)  -> (artifact id: '59bc02665290bb7d48b555f6bd3d65e4') in 0.020991 seconds
Number of updated asset objects reloaded before import = 0
Number of asset objects unloaded after import = 3
========================================================================
Received Import Request.
  Time since last request: 0.000278 seconds.
  path: Assets/MST_Creator/Car Controller For Unity/Scenes/Track_2/Track_2/OcclusionCullingData.asset
  artifactKey: Guid(a25e88adae33dce4f8d08e8217d22b5a) Importer(2089858483,0ecaa5967403d082aa24f35e1b516d23)
Start importing Assets/MST_Creator/Car Controller For Unity/Scenes/Track_2/Track_2/OcclusionCullingData.asset using Guid(a25e88adae33dce4f8d08e8217d22b5a) Importer(2089858483,0ecaa5967403d082aa24f35e1b516d23)  -> (artifact id: '9b4cdb138c3b977a00aeb0ee8aa99e08') in 0.216011 seconds
Number of updated asset objects reloaded before import = 0
Number of asset objects unloaded after import = 1
========================================================================
Received Import Request.
  Time since last request: 0.000285 seconds.
  path: Assets/MST_Creator/Car Controller For Unity/Texturess/Textures/Layers/Grass_Layer.terrainlayer
  artifactKey: Guid(be2cd646139bff044b255b35a18bbb1c) Importer(2089858483,0ecaa5967403d082aa24f35e1b516d23)
Start importing Assets/MST_Creator/Car Controller For Unity/Texturess/Textures/Layers/Grass_Layer.terrainlayer using Guid(be2cd646139bff044b255b35a18bbb1c) Importer(2089858483,0ecaa5967403d082aa24f35e1b516d23)  -> (artifact id: '4c08beed3c3a7595d82e93b4e963dca5') in 0.014748 seconds
Number of updated asset objects reloaded before import = 0
Number of asset objects unloaded after import = 3
========================================================================
Received Import Request.
  Time since last request: 0.001174 seconds.
  path: Assets/MST_Creator/Car Controller For Unity/Scenes/Track_1/Track_1.unity
  artifactKey: Guid(716fea055ccdd8b4d9cedccd95e93d86) Importer(2089858483,0ecaa5967403d082aa24f35e1b516d23)
Start importing Assets/MST_Creator/Car Controller For Unity/Scenes/Track_1/Track_1.unity using Guid(716fea055ccdd8b4d9cedccd95e93d86) Importer(2089858483,0ecaa5967403d082aa24f35e1b516d23)  -> (artifact id: '87d08ac7588231e8a116dd9514aa5e04') in 0.011912 seconds
Number of updated asset objects reloaded before import = 0
Number of asset objects unloaded after import = 1
========================================================================
Received Import Request.
  Time since last request: 0.000236 seconds.
  path: Assets/ecorace_2.unity
  artifactKey: Guid(f6082001966de43d4823a754aead8122) Importer(2089858483,0ecaa5967403d082aa24f35e1b516d23)
Start importing Assets/ecorace_2.unity using Guid(f6082001966de43d4823a754aead8122) Importer(2089858483,0ecaa5967403d082aa24f35e1b516d23)  -> (artifact id: '0c5cd18c9f341935b7cc62ef4c8c84bf') in 0.004386 seconds
Number of updated asset objects reloaded before import = 0
Number of asset objects unloaded after import = 1
========================================================================
Received Import Request.
  Time since last request: 0.000186 seconds.
  path: Assets/MST_Creator/Car Controller For Unity/Models/Pointer.fbx
  artifactKey: Guid(3004b630a8232b744b6ce0f4fcb35898) Importer(2089858483,0ecaa5967403d082aa24f35e1b516d23)
Start importing Assets/MST_Creator/Car Controller For Unity/Models/Pointer.fbx using Guid(3004b630a8232b744b6ce0f4fcb35898) Importer(2089858483,0ecaa5967403d082aa24f35e1b516d23)  -> (artifact id: '538f60331cce0f8fec8b1d120bb8c5fe') in 0.053062 seconds
Number of updated asset objects reloaded before import = 0
Number of asset objects unloaded after import = 8
========================================================================
Received Import Request.
  Time since last request: 0.000762 seconds.
  path: Assets/MST_Creator/Car Controller For Unity/Texturess/Textures/Normal Maps/Rock_NormalMap.png
  artifactKey: Guid(f4da8c4bb58bbc442a729a0339fd751e) Importer(2089858483,0ecaa5967403d082aa24f35e1b516d23)
Start importing Assets/MST_Creator/Car Controller For Unity/Texturess/Textures/Normal Maps/Rock_NormalMap.png using Guid(f4da8c4bb58bbc442a729a0339fd751e) Importer(2089858483,0ecaa5967403d082aa24f35e1b516d23)  -> (artifact id: '70c98167113c9e20d1a6cf2d8030463f') in 0.035057 seconds
Number of updated asset objects reloaded before import = 0
Number of asset objects unloaded after import = 1
========================================================================
Received Import Request.
  Time since last request: 0.000212 seconds.
  path: Assets/MST_Creator/Car Controller For Unity/Prefabs/Low Poly Car 1.prefab
  artifactKey: Guid(699a0248b4036f64c88fd59f77bc7239) Importer(2089858483,0ecaa5967403d082aa24f35e1b516d23)
Start importing Assets/MST_Creator/Car Controller For Unity/Prefabs/Low Poly Car 1.prefab using Guid(699a0248b4036f64c88fd59f77bc7239) Importer(2089858483,0ecaa5967403d082aa24f35e1b516d23)  -> (artifact id: '131f502b1baae2e7ce2057fe6cf13990') in 0.075155 seconds
Number of updated asset objects reloaded before import = 0
Number of asset objects unloaded after import = 143
========================================================================
Received Import Request.
  Time since last request: 0.000113 seconds.
  path: Assets/MST_Creator/Car Controller For Unity/Scripts/Car_Controller.cs
  artifactKey: Guid(504066bd11f3fa8419e01953b914e580) Importer(2089858483,0ecaa5967403d082aa24f35e1b516d23)
Start importing Assets/MST_Creator/Car Controller For Unity/Scripts/Car_Controller.cs using Guid(504066bd11f3fa8419e01953b914e580) Importer(2089858483,0ecaa5967403d082aa24f35e1b516d23)  -> (artifact id: '5ba4863b08dafc3ba0c9fad98816b766') in 0.013675 seconds
Number of updated asset objects reloaded before import = 0
Number of asset objects unloaded after import = 1
========================================================================
Received Import Request.
  Time since last request: 0.000449 seconds.
  path: Assets/MST_Creator/TextMesh Pro/Shaders/TMP_SDF-Surface.shader
  artifactKey: Guid(f7ada0af4f174f0694ca6a487b8f543d) Importer(2089858483,0ecaa5967403d082aa24f35e1b516d23)
Start importing Assets/MST_Creator/TextMesh Pro/Shaders/TMP_SDF-Surface.shader using Guid(f7ada0af4f174f0694ca6a487b8f543d) Importer(2089858483,0ecaa5967403d082aa24f35e1b516d23)  -> (artifact id: '6bacf68b992c12d7f2305a7b8e9da536') in 0.012089 seconds
Number of updated asset objects reloaded before import = 0
Number of asset objects unloaded after import = 1
========================================================================
Received Import Request.
  Time since last request: 0.000562 seconds.
  path: Assets/MST_Creator/TextMesh Pro/Documentation/TextMesh Pro User Guide 2016.pdf
  artifactKey: Guid(1b8d251f9af63b746bf2f7ffe00ebb9b) Importer(2089858483,0ecaa5967403d082aa24f35e1b516d23)
Start importing Assets/MST_Creator/TextMesh Pro/Documentation/TextMesh Pro User Guide 2016.pdf using Guid(1b8d251f9af63b746bf2f7ffe00ebb9b) Importer(2089858483,0ecaa5967403d082aa24f35e1b516d23)  -> (artifact id: 'bfffe63a57176d8ff1efae1cce2b32ad') in 0.005648 seconds
Number of updated asset objects reloaded before import = 0
Number of asset objects unloaded after import = 1
========================================================================
Received Import Request.
  Time since last request: 0.000855 seconds.
  path: Assets/MST_Creator/Car Controller For Unity/Models/Track 1.fbx
  artifactKey: Guid(4364943ee6cac1543bc0dd4fc2c49976) Importer(2089858483,0ecaa5967403d082aa24f35e1b516d23)
Start importing Assets/MST_Creator/Car Controller For Unity/Models/Track 1.fbx using Guid(4364943ee6cac1543bc0dd4fc2c49976) Importer(2089858483,0ecaa5967403d082aa24f35e1b516d23)  -> (artifact id: '8ad74cc8a0dd618df2eb08f980b540c8') in 0.069098 seconds
Number of updated asset objects reloaded before import = 0
Number of asset objects unloaded after import = 30
========================================================================
Received Import Request.
  Time since last request: 0.000332 seconds.
  path: Assets/MST_Creator/TextMesh Pro/Shaders/TMPro_Properties.cginc
  artifactKey: Guid(3997e2241185407d80309a82f9148466) Importer(2089858483,0ecaa5967403d082aa24f35e1b516d23)
Start importing Assets/MST_Creator/TextMesh Pro/Shaders/TMPro_Properties.cginc using Guid(3997e2241185407d80309a82f9148466) Importer(2089858483,0ecaa5967403d082aa24f35e1b516d23)  -> (artifact id: 'f8522120a045a278b647325359162037') in 0.008086 seconds
Number of updated asset objects reloaded before import = 0
Number of asset objects unloaded after import = 1
========================================================================
Received Import Request.
  Time since last request: 0.000760 seconds.
  path: Assets/MST_Creator/Car Controller For Unity/Texturess/Textures/Texture_Images/Grass_Tex.png
  artifactKey: Guid(2b61b8c42df948642a6ca780db67838f) Importer(2089858483,0ecaa5967403d082aa24f35e1b516d23)
Start importing Assets/MST_Creator/Car Controller For Unity/Texturess/Textures/Texture_Images/Grass_Tex.png using Guid(2b61b8c42df948642a6ca780db67838f) Importer(2089858483,0ecaa5967403d082aa24f35e1b516d23)  -> (artifact id: '32a5759730b65642d8e5df35823c80d0') in 0.029106 seconds
Number of updated asset objects reloaded before import = 0
Number of asset objects unloaded after import = 1
========================================================================
Received Import Request.
  Time since last request: 0.000372 seconds.
  path: Assets/MST_Creator/TextMesh Pro/Fonts/LiberationSans - OFL.txt
  artifactKey: Guid(6e59c59b81ab47f9b6ec5781fa725d2c) Importer(2089858483,0ecaa5967403d082aa24f35e1b516d23)
Start importing Assets/MST_Creator/TextMesh Pro/Fonts/LiberationSans - OFL.txt using Guid(6e59c59b81ab47f9b6ec5781fa725d2c) Importer(2089858483,0ecaa5967403d082aa24f35e1b516d23)  -> (artifact id: '89c8dff7719ca45462588412a0e1a59b') in 0.007111 seconds
Number of updated asset objects reloaded before import = 0
Number of asset objects unloaded after import = 1
========================================================================
Received Import Request.
  Time since last request: 0.000555 seconds.
  path: Assets/MST_Creator/Car Controller For Unity/Scenes/Track_2/Track_2.unity
  artifactKey: Guid(c826712f5785ad443a296086bdcd1d99) Importer(2089858483,0ecaa5967403d082aa24f35e1b516d23)
Start importing Assets/MST_Creator/Car Controller For Unity/Scenes/Track_2/Track_2.unity using Guid(c826712f5785ad443a296086bdcd1d99) Importer(2089858483,0ecaa5967403d082aa24f35e1b516d23)  -> (artifact id: '53dcd6ff035dabe31a71df282256ef04') in 0.004487 seconds
Number of updated asset objects reloaded before import = 0
Number of asset objects unloaded after import = 1
========================================================================
Received Import Request.
  Time since last request: 0.001070 seconds.
  path: Assets/MST_Creator/Car Controller For Unity/Texturess/Textures/Layers/Rock_Layer.terrainlayer
  artifactKey: Guid(bae0b90d0a48fc04587af7d1467f0f9f) Importer(2089858483,0ecaa5967403d082aa24f35e1b516d23)
Start importing Assets/MST_Creator/Car Controller For Unity/Texturess/Textures/Layers/Rock_Layer.terrainlayer using Guid(bae0b90d0a48fc04587af7d1467f0f9f) Importer(2089858483,0ecaa5967403d082aa24f35e1b516d23)  -> (artifact id: '4856a58d43a2f94e8fd77d24690a1b5a') in 0.012398 seconds
Number of updated asset objects reloaded before import = 0
Number of asset objects unloaded after import = 3
========================================================================
Received Import Request.
  Time since last request: 0.000690 seconds.
  path: Assets/MST_Creator/Car Controller For Unity/Materials/Ground.mat
  artifactKey: Guid(ad17220815948064e9f671d00b70227d) Importer(2089858483,0ecaa5967403d082aa24f35e1b516d23)
Start importing Assets/MST_Creator/Car Controller For Unity/Materials/Ground.mat using Guid(ad17220815948064e9f671d00b70227d) Importer(2089858483,0ecaa5967403d082aa24f35e1b516d23)  -> (artifact id: '72a805cee18197906efed8286fbad8b3') in 0.010300 seconds
Number of updated asset objects reloaded before import = 0
Number of asset objects unloaded after import = 1
========================================================================
Received Import Request.
  Time since last request: 0.000577 seconds.
  path: Assets/MST_Creator/TextMesh Pro/Shaders/TMP_SDF.shader
  artifactKey: Guid(68e6db2ebdc24f95958faec2be5558d6) Importer(2089858483,0ecaa5967403d082aa24f35e1b516d23)
Start importing Assets/MST_Creator/TextMesh Pro/Shaders/TMP_SDF.shader using Guid(68e6db2ebdc24f95958faec2be5558d6) Importer(2089858483,0ecaa5967403d082aa24f35e1b516d23)  -> (artifact id: 'c517254c232c73b9746830ac5cf93f87') in 0.009666 seconds
Number of updated asset objects reloaded before import = 0
Number of asset objects unloaded after import = 1
========================================================================
Received Import Request.
  Time since last request: 0.000335 seconds.
  path: Assets/MST_Creator/TextMesh Pro/Shaders/TMP_Sprite.shader
  artifactKey: Guid(cf81c85f95fe47e1a27f6ae460cf182c) Importer(2089858483,0ecaa5967403d082aa24f35e1b516d23)
Start importing Assets/MST_Creator/TextMesh Pro/Shaders/TMP_Sprite.shader using Guid(cf81c85f95fe47e1a27f6ae460cf182c) Importer(2089858483,0ecaa5967403d082aa24f35e1b516d23)  -> (artifact id: '5eabc1ea69e21a6436cb6e3bd798bf8e') in 0.008615 seconds
Number of updated asset objects reloaded before import = 0
Number of asset objects unloaded after import = 1
========================================================================
Received Import Request.
  Time since last request: 0.000288 seconds.
  path: Assets/MST_Creator/Car Controller For Unity/Scenes/Track_2/OcclusionCullingData.asset
  artifactKey: Guid(1c26a0ec9a04b4042b8901f8b3ec2b29) Importer(2089858483,0ecaa5967403d082aa24f35e1b516d23)
Start importing Assets/MST_Creator/Car Controller For Unity/Scenes/Track_2/OcclusionCullingData.asset using Guid(1c26a0ec9a04b4042b8901f8b3ec2b29) Importer(2089858483,0ecaa5967403d082aa24f35e1b516d23)  -> (artifact id: '3568cb5e58f82a19f02192052d5900ba') in 0.218508 seconds
Number of updated asset objects reloaded before import = 0
Number of asset objects unloaded after import = 1
========================================================================
Received Import Request.
  Time since last request: 0.000594 seconds.
  path: Assets/MST_Creator/TextMesh Pro/Sprites/EmojiOne Attribution.txt
  artifactKey: Guid(381dcb09d5029d14897e55f98031fca5) Importer(2089858483,0ecaa5967403d082aa24f35e1b516d23)
Start importing Assets/MST_Creator/TextMesh Pro/Sprites/EmojiOne Attribution.txt using Guid(381dcb09d5029d14897e55f98031fca5) Importer(2089858483,0ecaa5967403d082aa24f35e1b516d23)  -> (artifact id: 'de7bcd7d45f45c2b415e994d44bfd088') in 0.016453 seconds
Number of updated asset objects reloaded before import = 0
Number of asset objects unloaded after import = 1
========================================================================
Received Import Request.
  Time since last request: 0.001221 seconds.
  path: Assets/MST_Creator/Car Controller For Unity/Texturess/Texture_Materials/Snow.mat
  artifactKey: Guid(2f2e57044e7161041ba291c33b4c6d6b) Importer(2089858483,0ecaa5967403d082aa24f35e1b516d23)
Start importing Assets/MST_Creator/Car Controller For Unity/Texturess/Texture_Materials/Snow.mat using Guid(2f2e57044e7161041ba291c33b4c6d6b) Importer(2089858483,0ecaa5967403d082aa24f35e1b516d23)  -> (artifact id: 'e10be863d4a4497b29885e7e4b91dafb') in 0.014292 seconds
Number of updated asset objects reloaded before import = 0
Number of asset objects unloaded after import = 2
========================================================================
Received Import Request.
  Time since last request: 0.000347 seconds.
  path: Assets/MST_Creator/TextMesh Pro/Shaders/TMP_SDF-Surface-Mobile.shader
  artifactKey: Guid(85187c2149c549c5b33f0cdb02836b17) Importer(2089858483,0ecaa5967403d082aa24f35e1b516d23)
Start importing Assets/MST_Creator/TextMesh Pro/Shaders/TMP_SDF-Surface-Mobile.shader using Guid(85187c2149c549c5b33f0cdb02836b17) Importer(2089858483,0ecaa5967403d082aa24f35e1b516d23)  -> (artifact id: 'f49173b423086c3a8bbadfbeb598c8b7') in 0.010475 seconds
Number of updated asset objects reloaded before import = 0
Number of asset objects unloaded after import = 1
========================================================================
Received Import Request.
  Time since last request: 0.000677 seconds.
  path: Assets/MST_Creator/Car Controller For Unity/Scenes/Track_1/LightingData.asset
  artifactKey: Guid(9606f4de43880eb4d979cbd69419358d) Importer(2089858483,0ecaa5967403d082aa24f35e1b516d23)
Start importing Assets/MST_Creator/Car Controller For Unity/Scenes/Track_1/LightingData.asset using Guid(9606f4de43880eb4d979cbd69419358d) Importer(2089858483,0ecaa5967403d082aa24f35e1b516d23)  -> (artifact id: '59a767e9ca9cf92753d36cfd03b2b673') in 0.012440 seconds
Number of updated asset objects reloaded before import = 0
Number of asset objects unloaded after import = 2
========================================================================
Received Import Request.
  Time since last request: 0.000105 seconds.
  path: Assets/MST_Creator/TextMesh Pro/Shaders/TMP_SDF-Mobile Masking.shader
  artifactKey: Guid(bc1ede39bf3643ee8e493720e4259791) Importer(2089858483,0ecaa5967403d082aa24f35e1b516d23)
Start importing Assets/MST_Creator/TextMesh Pro/Shaders/TMP_SDF-Mobile Masking.shader using Guid(bc1ede39bf3643ee8e493720e4259791) Importer(2089858483,0ecaa5967403d082aa24f35e1b516d23)  -> (artifact id: '4202cc85b7fabe8d8c9f9fb5ee99f9fc') in 0.010574 seconds
Number of updated asset objects reloaded before import = 0
Number of asset objects unloaded after import = 1
========================================================================
Received Import Request.
  Time since last request: 0.000139 seconds.
  path: Assets/MST_Creator/TextMesh Pro/Resources/Fonts & Materials/LiberationSans SDF - Outline.mat
  artifactKey: Guid(79459efec17a4d00a321bdcc27bbc385) Importer(2089858483,0ecaa5967403d082aa24f35e1b516d23)
Start importing Assets/MST_Creator/TextMesh Pro/Resources/Fonts & Materials/LiberationSans SDF - Outline.mat using Guid(79459efec17a4d00a321bdcc27bbc385) Importer(2089858483,0ecaa5967403d082aa24f35e1b516d23)  -> (artifact id: '8f1528f45f42fd82a2f4c312766561b1') in 0.027391 seconds
Number of updated asset objects reloaded before import = 0
Number of asset objects unloaded after import = 2
========================================================================
Received Import Request.
  Time since last request: 0.000320 seconds.
  path: Assets/MST_Creator/Car Controller For Unity/Scripts/Wheel_Effects.cs
  artifactKey: Guid(7e0583cf74c79ff48aa4e88fd21f350a) Importer(2089858483,0ecaa5967403d082aa24f35e1b516d23)
Start importing Assets/MST_Creator/Car Controller For Unity/Scripts/Wheel_Effects.cs using Guid(7e0583cf74c79ff48aa4e88fd21f350a) Importer(2089858483,0ecaa5967403d082aa24f35e1b516d23)  -> (artifact id: '7eb5f762fbfb0207dcfd14504813adf4') in 0.009012 seconds
Number of updated asset objects reloaded before import = 0
Number of asset objects unloaded after import = 1
========================================================================
Received Import Request.
  Time since last request: 0.000539 seconds.
  path: Assets/MST_Creator/TextMesh Pro/Shaders/TMPro_Surface.cginc
  artifactKey: Guid(d930090c0cd643c7b55f19a38538c162) Importer(2089858483,0ecaa5967403d082aa24f35e1b516d23)
Start importing Assets/MST_Creator/TextMesh Pro/Shaders/TMPro_Surface.cginc using Guid(d930090c0cd643c7b55f19a38538c162) Importer(2089858483,0ecaa5967403d082aa24f35e1b516d23)  -> (artifact id: '942a8dc3a2722fcb96285641060a801d') in 0.008054 seconds
Number of updated asset objects reloaded before import = 0
Number of asset objects unloaded after import = 1
========================================================================
Received Import Request.
  Time since last request: 0.000475 seconds.
  path: Assets/MST_Creator/TextMesh Pro/Fonts/LiberationSans.ttf
  artifactKey: Guid(e3265ab4bf004d28a9537516768c1c75) Importer(2089858483,0ecaa5967403d082aa24f35e1b516d23)
Start importing Assets/MST_Creator/TextMesh Pro/Fonts/LiberationSans.ttf using Guid(e3265ab4bf004d28a9537516768c1c75) Importer(2089858483,0ecaa5967403d082aa24f35e1b516d23)  -> (artifact id: '6266ed233ae1887ec826692a2bc8e9e2') in 0.055981 seconds
Number of updated asset objects reloaded before import = 0
Number of asset objects unloaded after import = 3
